c:\users\ziwon\source\repos\zstring\zstringdll\debug\zstringdll.pch
c:\users\ziwon\source\repos\zstring\zstringdll\debug\vc141.pdb
c:\users\ziwon\source\repos\zstring\zstringdll\debug\vc141.idb
c:\users\ziwon\source\repos\zstring\zstringdll\debug\stdafx.obj
c:\users\ziwon\source\repos\zstring\zstringdll\debug\zwstring.obj
c:\users\ziwon\source\repos\zstring\zstringdll\debug\zstringdll.obj
c:\users\ziwon\source\repos\zstring\zstringdll\debug\zstring.obj
c:\users\ziwon\source\repos\zstring\zstringdll\debug\dllmain.obj
c:\users\ziwon\source\repos\zstring\debug\zstringdll.ilk
c:\users\ziwon\source\repos\zstring\debug\zstringdll.dll
c:\users\ziwon\source\repos\zstring\debug\zstringdll.pdb
c:\users\ziwon\source\repos\zstring\debug\zstringdll.lib
c:\users\ziwon\source\repos\zstring\debug\zstringdll.exp
c:\users\ziwon\source\repos\zstring\zstringdll\debug\zstringdll.tlog\cl.command.1.tlog
c:\users\ziwon\source\repos\zstring\zstringdll\debug\zstringdll.tlog\cl.read.1.tlog
c:\users\ziwon\source\repos\zstring\zstringdll\debug\zstringdll.tlog\cl.write.1.tlog
c:\users\ziwon\source\repos\zstring\zstringdll\debug\zstringdll.tlog\link.command.1.tlog
c:\users\ziwon\source\repos\zstring\zstringdll\debug\zstringdll.tlog\link.read.1.tlog
c:\users\ziwon\source\repos\zstring\zstringdll\debug\zstringdll.tlog\link.write.1.tlog
c:\users\ziwon\source\repos\zstring\zstringdll\debug\zstringdll.tlog\zstringdll.write.1u.tlog
