c:\users\ziwon\source\repos\j-jiwon\cpp-study\zstring\zstring\debug\vc141.pdb
c:\users\ziwon\source\repos\j-jiwon\cpp-study\zstring\zstring\debug\vc141.idb
c:\users\ziwon\source\repos\j-jiwon\cpp-study\zstring\zstring\debug\zwstring.obj
c:\users\ziwon\source\repos\j-jiwon\cpp-study\zstring\zstring\debug\zstring.obj
c:\users\ziwon\source\repos\j-jiwon\cpp-study\zstring\zstring\debug\main.obj
c:\users\ziwon\source\repos\j-jiwon\cpp-study\zstring\zstring\debug\zstring.idb
c:\users\ziwon\source\repos\j-jiwon\cpp-study\zstring\zstring\debug\zstring.pdb
c:\users\ziwon\source\repos\j-jiwon\cpp-study\zstring\debug\zstring.pdb
c:\users\ziwon\source\repos\j-jiwon\cpp-study\zstring\zstring\debug\zstring.tlog\cl.command.1.tlog
c:\users\ziwon\source\repos\j-jiwon\cpp-study\zstring\zstring\debug\zstring.tlog\cl.read.1.tlog
c:\users\ziwon\source\repos\j-jiwon\cpp-study\zstring\zstring\debug\zstring.tlog\cl.write.1.tlog
c:\users\ziwon\source\repos\j-jiwon\cpp-study\zstring\zstring\debug\zstring.tlog\lib-link.read.1.tlog
c:\users\ziwon\source\repos\j-jiwon\cpp-study\zstring\zstring\debug\zstring.tlog\lib-link.write.1.tlog
c:\users\ziwon\source\repos\j-jiwon\cpp-study\zstring\zstring\debug\zstring.tlog\lib.command.1.tlog
c:\users\ziwon\source\repos\j-jiwon\cpp-study\zstring\zstring\debug\zstring.tlog\link.18652.read.1.tlog
c:\users\ziwon\source\repos\j-jiwon\cpp-study\zstring\zstring\debug\zstring.tlog\link.18652.write.1.tlog
c:\users\ziwon\source\repos\j-jiwon\cpp-study\zstring\zstring\debug\zstring.tlog\link.command.1.tlog
c:\users\ziwon\source\repos\j-jiwon\cpp-study\zstring\zstring\debug\zstring.tlog\link.delete.1.tlog
c:\users\ziwon\source\repos\j-jiwon\cpp-study\zstring\zstring\debug\zstring.tlog\link.read.1.tlog
c:\users\ziwon\source\repos\j-jiwon\cpp-study\zstring\zstring\debug\zstring.tlog\link.write.1.tlog
